{"/Users/aaronc/tunebay-api/models/user.js":{"path":"/Users/aaronc/tunebay-api/models/user.js","s":{"1":1,"2":1,"3":1,"4":1,"5":1,"6":1,"7":1,"8":1,"9":5,"10":5,"11":5,"12":5,"13":5,"14":5,"15":1,"16":2,"17":2,"18":2,"19":2,"20":2,"21":1,"22":0,"23":0,"24":0,"25":0,"26":0,"27":1,"28":0,"29":1,"30":0,"31":0,"32":0,"33":0,"34":0,"35":0,"36":1,"37":0,"38":0,"39":0,"40":0,"41":1,"42":1,"43":1,"44":0,"45":0,"46":0,"47":0,"48":0,"49":0,"50":0,"51":0,"52":0,"53":0,"54":0,"55":0,"56":0,"57":0,"58":0,"59":0,"60":0,"61":0,"62":0,"63":0,"64":0,"65":0,"66":0,"67":0,"68":0,"69":1,"70":5,"71":5,"72":0,"73":5,"74":5,"75":0,"76":5,"77":5,"78":0,"79":5,"80":5,"81":1,"82":1},"b":{"1":[5,0],"2":[5,4],"3":[0,0],"4":[0,0],"5":[0,0],"6":[0,0],"7":[0,0],"8":[0,0],"9":[0,0],"10":[0,0],"11":[0,0],"12":[0,0],"13":[0,0],"14":[0,0],"15":[0,0],"16":[0,0],"17":[0,0],"18":[0,0],"19":[0,0],"20":[0,5],"21":[0,5],"22":[0,5]},"f":{"1":5,"2":2,"3":0,"4":0,"5":0,"6":0,"7":0,"8":0,"9":0,"10":0,"11":0,"12":0,"13":0,"14":0,"15":5,"16":5,"17":5},"fnMap":{"1":{"name":"(anonymous_1)","line":26,"loc":{"start":{"line":26,"column":30},"end":{"line":26,"column":45}}},"2":{"name":"(anonymous_2)","line":38,"loc":{"start":{"line":38,"column":30},"end":{"line":38,"column":41}}},"3":{"name":"(anonymous_3)","line":46,"loc":{"start":{"line":46,"column":28},"end":{"line":46,"column":47}}},"4":{"name":"(anonymous_4)","line":47,"loc":{"start":{"line":47,"column":13},"end":{"line":47,"column":34}}},"5":{"name":"(anonymous_5)","line":56,"loc":{"start":{"line":56,"column":35},"end":{"line":56,"column":46}}},"6":{"name":"(anonymous_6)","line":61,"loc":{"start":{"line":61,"column":38},"end":{"line":61,"column":57}}},"7":{"name":"(anonymous_7)","line":78,"loc":{"start":{"line":78,"column":37},"end":{"line":78,"column":71}}},"8":{"name":"(anonymous_8)","line":79,"loc":{"start":{"line":79,"column":47},"end":{"line":79,"column":70}}},"9":{"name":"(anonymous_9)","line":97,"loc":{"start":{"line":97,"column":34},"end":{"line":97,"column":70}}},"10":{"name":"(anonymous_10)","line":98,"loc":{"start":{"line":98,"column":35},"end":{"line":98,"column":55}}},"11":{"name":"(anonymous_11)","line":109,"loc":{"start":{"line":109,"column":41},"end":{"line":109,"column":55}}},"12":{"name":"(anonymous_12)","line":116,"loc":{"start":{"line":116,"column":39},"end":{"line":116,"column":62}}},"13":{"name":"(anonymous_13)","line":128,"loc":{"start":{"line":128,"column":44},"end":{"line":128,"column":58}}},"14":{"name":"(anonymous_14)","line":135,"loc":{"start":{"line":135,"column":34},"end":{"line":135,"column":48}}},"15":{"name":"(anonymous_15)","line":143,"loc":{"start":{"line":143,"column":22},"end":{"line":143,"column":37}}},"16":{"name":"(anonymous_16)","line":147,"loc":{"start":{"line":147,"column":37},"end":{"line":147,"column":57}}},"17":{"name":"(anonymous_17)","line":150,"loc":{"start":{"line":150,"column":41},"end":{"line":150,"column":61}}}},"statementMap":{"1":{"start":{"line":1,"column":0},"end":{"line":2,"column":47}},"2":{"start":{"line":4,"column":0},"end":{"line":4,"column":34}},"3":{"start":{"line":5,"column":0},"end":{"line":5,"column":29}},"4":{"start":{"line":6,"column":0},"end":{"line":6,"column":27}},"5":{"start":{"line":7,"column":0},"end":{"line":7,"column":22}},"6":{"start":{"line":8,"column":0},"end":{"line":9,"column":31}},"7":{"start":{"line":11,"column":0},"end":{"line":23,"column":3}},"8":{"start":{"line":26,"column":0},"end":{"line":36,"column":2}},"9":{"start":{"line":28,"column":4},"end":{"line":28,"column":34}},"10":{"start":{"line":29,"column":4},"end":{"line":29,"column":28}},"11":{"start":{"line":30,"column":4},"end":{"line":30,"column":51}},"12":{"start":{"line":32,"column":4},"end":{"line":32,"column":33}},"13":{"start":{"line":33,"column":4},"end":{"line":33,"column":36}},"14":{"start":{"line":34,"column":4},"end":{"line":34,"column":55}},"15":{"start":{"line":38,"column":0},"end":{"line":44,"column":2}},"16":{"start":{"line":39,"column":4},"end":{"line":39,"column":31}},"17":{"start":{"line":40,"column":4},"end":{"line":40,"column":30}},"18":{"start":{"line":41,"column":4},"end":{"line":41,"column":26}},"19":{"start":{"line":42,"column":4},"end":{"line":42,"column":25}},"20":{"start":{"line":43,"column":4},"end":{"line":43,"column":16}},"21":{"start":{"line":46,"column":0},"end":{"line":54,"column":2}},"22":{"start":{"line":47,"column":2},"end":{"line":53,"column":16}},"23":{"start":{"line":48,"column":4},"end":{"line":50,"column":5}},"24":{"start":{"line":49,"column":6},"end":{"line":49,"column":27}},"25":{"start":{"line":51,"column":4},"end":{"line":51,"column":49}},"26":{"start":{"line":52,"column":4},"end":{"line":52,"column":45}},"27":{"start":{"line":56,"column":0},"end":{"line":59,"column":3}},"28":{"start":{"line":58,"column":4},"end":{"line":58,"column":61}},"29":{"start":{"line":61,"column":0},"end":{"line":76,"column":2}},"30":{"start":{"line":63,"column":4},"end":{"line":68,"column":5}},"31":{"start":{"line":64,"column":8},"end":{"line":67,"column":21}},"32":{"start":{"line":70,"column":4},"end":{"line":70,"column":49}},"33":{"start":{"line":72,"column":4},"end":{"line":74,"column":5}},"34":{"start":{"line":73,"column":8},"end":{"line":73,"column":61}},"35":{"start":{"line":75,"column":4},"end":{"line":75,"column":42}},"36":{"start":{"line":78,"column":0},"end":{"line":83,"column":2}},"37":{"start":{"line":79,"column":2},"end":{"line":82,"column":5}},"38":{"start":{"line":80,"column":4},"end":{"line":80,"column":34}},"39":{"start":{"line":80,"column":13},"end":{"line":80,"column":34}},"40":{"start":{"line":81,"column":4},"end":{"line":81,"column":28}},"41":{"start":{"line":85,"column":0},"end":{"line":89,"column":2}},"42":{"start":{"line":91,"column":0},"end":{"line":95,"column":2}},"43":{"start":{"line":97,"column":0},"end":{"line":141,"column":2}},"44":{"start":{"line":98,"column":4},"end":{"line":140,"column":7}},"45":{"start":{"line":99,"column":8},"end":{"line":99,"column":38}},"46":{"start":{"line":99,"column":17},"end":{"line":99,"column":38}},"47":{"start":{"line":102,"column":8},"end":{"line":104,"column":9}},"48":{"start":{"line":103,"column":12},"end":{"line":103,"column":59}},"49":{"start":{"line":107,"column":8},"end":{"line":113,"column":9}},"50":{"start":{"line":109,"column":12},"end":{"line":112,"column":15}},"51":{"start":{"line":110,"column":16},"end":{"line":110,"column":46}},"52":{"start":{"line":110,"column":25},"end":{"line":110,"column":46}},"53":{"start":{"line":111,"column":16},"end":{"line":111,"column":66}},"54":{"start":{"line":116,"column":8},"end":{"line":139,"column":11}},"55":{"start":{"line":117,"column":12},"end":{"line":117,"column":42}},"56":{"start":{"line":117,"column":21},"end":{"line":117,"column":42}},"57":{"start":{"line":120,"column":12},"end":{"line":132,"column":13}},"58":{"start":{"line":122,"column":16},"end":{"line":122,"column":88}},"59":{"start":{"line":122,"column":60},"end":{"line":122,"column":88}},"60":{"start":{"line":124,"column":16},"end":{"line":127,"column":18}},"61":{"start":{"line":128,"column":16},"end":{"line":131,"column":19}},"62":{"start":{"line":129,"column":20},"end":{"line":129,"column":50}},"63":{"start":{"line":129,"column":29},"end":{"line":129,"column":50}},"64":{"start":{"line":130,"column":20},"end":{"line":130,"column":48}},"65":{"start":{"line":135,"column":12},"end":{"line":138,"column":15}},"66":{"start":{"line":136,"column":16},"end":{"line":136,"column":46}},"67":{"start":{"line":136,"column":25},"end":{"line":136,"column":46}},"68":{"start":{"line":137,"column":16},"end":{"line":137,"column":72}},"69":{"start":{"line":143,"column":0},"end":{"line":157,"column":3}},"70":{"start":{"line":144,"column":4},"end":{"line":144,"column":20}},"71":{"start":{"line":145,"column":4},"end":{"line":145,"column":52}},"72":{"start":{"line":145,"column":38},"end":{"line":145,"column":52}},"73":{"start":{"line":147,"column":4},"end":{"line":156,"column":6}},"74":{"start":{"line":148,"column":8},"end":{"line":148,"column":34}},"75":{"start":{"line":148,"column":17},"end":{"line":148,"column":34}},"76":{"start":{"line":150,"column":8},"end":{"line":155,"column":11}},"77":{"start":{"line":151,"column":12},"end":{"line":151,"column":38}},"78":{"start":{"line":151,"column":21},"end":{"line":151,"column":38}},"79":{"start":{"line":153,"column":12},"end":{"line":153,"column":33}},"80":{"start":{"line":154,"column":12},"end":{"line":154,"column":19}},"81":{"start":{"line":159,"column":0},"end":{"line":159,"column":45}},"82":{"start":{"line":161,"column":0},"end":{"line":161,"column":22}}},"branchMap":{"1":{"line":30,"type":"binary-expr","locations":[{"start":{"line":30,"column":20},"end":{"line":30,"column":33}},{"start":{"line":30,"column":37},"end":{"line":30,"column":50}}]},"2":{"line":34,"type":"binary-expr","locations":[{"start":{"line":34,"column":23},"end":{"line":34,"column":39}},{"start":{"line":34,"column":43},"end":{"line":34,"column":54}}]},"3":{"line":48,"type":"if","locations":[{"start":{"line":48,"column":4},"end":{"line":48,"column":4}},{"start":{"line":48,"column":4},"end":{"line":48,"column":4}}]},"4":{"line":58,"type":"binary-expr","locations":[{"start":{"line":58,"column":14},"end":{"line":58,"column":28}},{"start":{"line":58,"column":32},"end":{"line":58,"column":59}}]},"5":{"line":63,"type":"if","locations":[{"start":{"line":63,"column":4},"end":{"line":63,"column":4}},{"start":{"line":63,"column":4},"end":{"line":63,"column":4}}]},"6":{"line":63,"type":"binary-expr","locations":[{"start":{"line":63,"column":8},"end":{"line":63,"column":22}},{"start":{"line":63,"column":26},"end":{"line":63,"column":53}}]},"7":{"line":72,"type":"if","locations":[{"start":{"line":72,"column":4},"end":{"line":72,"column":4}},{"start":{"line":72,"column":4},"end":{"line":72,"column":4}}]},"8":{"line":72,"type":"binary-expr","locations":[{"start":{"line":72,"column":8},"end":{"line":72,"column":52}},{"start":{"line":72,"column":56},"end":{"line":72,"column":70}}]},"9":{"line":80,"type":"if","locations":[{"start":{"line":80,"column":4},"end":{"line":80,"column":4}},{"start":{"line":80,"column":4},"end":{"line":80,"column":4}}]},"10":{"line":99,"type":"if","locations":[{"start":{"line":99,"column":8},"end":{"line":99,"column":8}},{"start":{"line":99,"column":8},"end":{"line":99,"column":8}}]},"11":{"line":102,"type":"if","locations":[{"start":{"line":102,"column":8},"end":{"line":102,"column":8}},{"start":{"line":102,"column":8},"end":{"line":102,"column":8}}]},"12":{"line":107,"type":"if","locations":[{"start":{"line":107,"column":8},"end":{"line":107,"column":8}},{"start":{"line":107,"column":8},"end":{"line":107,"column":8}}]},"13":{"line":110,"type":"if","locations":[{"start":{"line":110,"column":16},"end":{"line":110,"column":16}},{"start":{"line":110,"column":16},"end":{"line":110,"column":16}}]},"14":{"line":117,"type":"if","locations":[{"start":{"line":117,"column":12},"end":{"line":117,"column":12}},{"start":{"line":117,"column":12},"end":{"line":117,"column":12}}]},"15":{"line":120,"type":"if","locations":[{"start":{"line":120,"column":12},"end":{"line":120,"column":12}},{"start":{"line":120,"column":12},"end":{"line":120,"column":12}}]},"16":{"line":122,"type":"if","locations":[{"start":{"line":122,"column":16},"end":{"line":122,"column":16}},{"start":{"line":122,"column":16},"end":{"line":122,"column":16}}]},"17":{"line":122,"type":"binary-expr","locations":[{"start":{"line":122,"column":20},"end":{"line":122,"column":39}},{"start":{"line":122,"column":43},"end":{"line":122,"column":58}}]},"18":{"line":129,"type":"if","locations":[{"start":{"line":129,"column":20},"end":{"line":129,"column":20}},{"start":{"line":129,"column":20},"end":{"line":129,"column":20}}]},"19":{"line":136,"type":"if","locations":[{"start":{"line":136,"column":16},"end":{"line":136,"column":16}},{"start":{"line":136,"column":16},"end":{"line":136,"column":16}}]},"20":{"line":145,"type":"if","locations":[{"start":{"line":145,"column":4},"end":{"line":145,"column":4}},{"start":{"line":145,"column":4},"end":{"line":145,"column":4}}]},"21":{"line":148,"type":"if","locations":[{"start":{"line":148,"column":8},"end":{"line":148,"column":8}},{"start":{"line":148,"column":8},"end":{"line":148,"column":8}}]},"22":{"line":151,"type":"if","locations":[{"start":{"line":151,"column":12},"end":{"line":151,"column":12}},{"start":{"line":151,"column":12},"end":{"line":151,"column":12}}]}}},"/Users/aaronc/tunebay-api/models/follow.js":{"path":"/Users/aaronc/tunebay-api/models/follow.js","s":{"1":1,"2":1,"3":1,"4":1,"5":1,"6":0,"7":0,"8":0,"9":0,"10":0,"11":0,"12":1,"13":1},"b":{"1":[0,0]},"f":{"1":0},"fnMap":{"1":{"name":"(anonymous_1)","line":18,"loc":{"start":{"line":18,"column":32},"end":{"line":18,"column":47}}}},"statementMap":{"1":{"start":{"line":1,"column":0},"end":{"line":2,"column":47}},"2":{"start":{"line":4,"column":0},"end":{"line":4,"column":34}},"3":{"start":{"line":5,"column":0},"end":{"line":5,"column":29}},"4":{"start":{"line":7,"column":0},"end":{"line":16,"column":3}},"5":{"start":{"line":18,"column":0},"end":{"line":28,"column":2}},"6":{"start":{"line":20,"column":4},"end":{"line":20,"column":26}},"7":{"start":{"line":21,"column":4},"end":{"line":21,"column":22}},"8":{"start":{"line":22,"column":4},"end":{"line":22,"column":26}},"9":{"start":{"line":24,"column":4},"end":{"line":24,"column":33}},"10":{"start":{"line":25,"column":4},"end":{"line":25,"column":36}},"11":{"start":{"line":26,"column":4},"end":{"line":26,"column":55}},"12":{"start":{"line":30,"column":0},"end":{"line":30,"column":51}},"13":{"start":{"line":32,"column":0},"end":{"line":32,"column":24}}},"branchMap":{"1":{"line":26,"type":"binary-expr","locations":[{"start":{"line":26,"column":23},"end":{"line":26,"column":39}},{"start":{"line":26,"column":43},"end":{"line":26,"column":54}}]}}},"/Users/aaronc/tunebay-api/models/project.js":{"path":"/Users/aaronc/tunebay-api/models/project.js","s":{"1":1,"2":1,"3":1,"4":1,"5":1,"6":0,"7":0,"8":0,"9":0,"10":0,"11":0,"12":1,"13":1},"b":{"1":[0,0],"2":[0,0],"3":[0,0],"4":[0,0]},"f":{"1":0},"fnMap":{"1":{"name":"(anonymous_1)","line":18,"loc":{"start":{"line":18,"column":33},"end":{"line":18,"column":48}}}},"statementMap":{"1":{"start":{"line":1,"column":0},"end":{"line":2,"column":47}},"2":{"start":{"line":4,"column":0},"end":{"line":4,"column":34}},"3":{"start":{"line":5,"column":0},"end":{"line":5,"column":29}},"4":{"start":{"line":7,"column":0},"end":{"line":16,"column":3}},"5":{"start":{"line":18,"column":0},"end":{"line":28,"column":2}},"6":{"start":{"line":20,"column":4},"end":{"line":20,"column":42}},"7":{"start":{"line":21,"column":4},"end":{"line":21,"column":42}},"8":{"start":{"line":22,"column":4},"end":{"line":22,"column":60}},"9":{"start":{"line":24,"column":4},"end":{"line":24,"column":33}},"10":{"start":{"line":25,"column":4},"end":{"line":25,"column":36}},"11":{"start":{"line":26,"column":4},"end":{"line":26,"column":55}},"12":{"start":{"line":30,"column":0},"end":{"line":30,"column":54}},"13":{"start":{"line":32,"column":0},"end":{"line":32,"column":25}}},"branchMap":{"1":{"line":20,"type":"binary-expr","locations":[{"start":{"line":20,"column":17},"end":{"line":20,"column":27}},{"start":{"line":20,"column":31},"end":{"line":20,"column":41}}]},"2":{"line":21,"type":"binary-expr","locations":[{"start":{"line":21,"column":17},"end":{"line":21,"column":27}},{"start":{"line":21,"column":31},"end":{"line":21,"column":41}}]},"3":{"line":22,"type":"binary-expr","locations":[{"start":{"line":22,"column":23},"end":{"line":22,"column":39}},{"start":{"line":22,"column":43},"end":{"line":22,"column":59}}]},"4":{"line":26,"type":"binary-expr","locations":[{"start":{"line":26,"column":23},"end":{"line":26,"column":39}},{"start":{"line":26,"column":43},"end":{"line":26,"column":54}}]}}},"/Users/aaronc/tunebay-api/server.js":{"path":"/Users/aaronc/tunebay-api/server.js","s":{"1":1,"2":1,"3":1,"4":1,"5":1,"6":1,"7":1,"8":1,"9":1,"10":1,"11":0,"12":0,"13":0,"14":1,"15":1,"16":1,"17":0,"18":1,"19":1,"20":1,"21":0,"22":1,"23":1,"24":0,"25":1,"26":1,"27":1},"b":{"1":[0,1]},"f":{"1":0,"2":1,"3":0,"4":0},"fnMap":{"1":{"name":"getRandomInt","line":13,"loc":{"start":{"line":13,"column":0},"end":{"line":13,"column":32}}},"2":{"name":"(anonymous_2)","line":21,"loc":{"start":{"line":21,"column":53},"end":{"line":21,"column":67}}},"3":{"name":"(anonymous_3)","line":31,"loc":{"start":{"line":31,"column":12},"end":{"line":31,"column":30}}},"4":{"name":"(anonymous_4)","line":37,"loc":{"start":{"line":37,"column":8},"end":{"line":37,"column":26}}}},"statementMap":{"1":{"start":{"line":1,"column":0},"end":{"line":1,"column":23}},"2":{"start":{"line":2,"column":0},"end":{"line":2,"column":27}},"3":{"start":{"line":3,"column":0},"end":{"line":3,"column":29}},"4":{"start":{"line":4,"column":0},"end":{"line":4,"column":29}},"5":{"start":{"line":5,"column":0},"end":{"line":5,"column":35}},"6":{"start":{"line":7,"column":0},"end":{"line":7,"column":33}},"7":{"start":{"line":9,"column":0},"end":{"line":9,"column":40}},"8":{"start":{"line":10,"column":0},"end":{"line":10,"column":42}},"9":{"start":{"line":11,"column":0},"end":{"line":11,"column":36}},"10":{"start":{"line":13,"column":0},"end":{"line":17,"column":1}},"11":{"start":{"line":14,"column":2},"end":{"line":14,"column":23}},"12":{"start":{"line":15,"column":2},"end":{"line":15,"column":24}},"13":{"start":{"line":16,"column":2},"end":{"line":16,"column":55}},"14":{"start":{"line":20,"column":0},"end":{"line":20,"column":34}},"15":{"start":{"line":21,"column":0},"end":{"line":24,"column":3}},"16":{"start":{"line":22,"column":4},"end":{"line":22,"column":23}},"17":{"start":{"line":22,"column":13},"end":{"line":22,"column":23}},"18":{"start":{"line":26,"column":0},"end":{"line":26,"column":20}},"19":{"start":{"line":29,"column":0},"end":{"line":29,"column":53}},"20":{"start":{"line":31,"column":0},"end":{"line":33,"column":3}},"21":{"start":{"line":32,"column":4},"end":{"line":32,"column":35}},"22":{"start":{"line":35,"column":0},"end":{"line":35,"column":44}},"23":{"start":{"line":37,"column":0},"end":{"line":39,"column":3}},"24":{"start":{"line":38,"column":4},"end":{"line":38,"column":31}},"25":{"start":{"line":43,"column":0},"end":{"line":43,"column":40}},"26":{"start":{"line":44,"column":0},"end":{"line":44,"column":24}},"27":{"start":{"line":46,"column":0},"end":{"line":46,"column":28}}},"branchMap":{"1":{"line":22,"type":"if","locations":[{"start":{"line":22,"column":4},"end":{"line":22,"column":4}},{"start":{"line":22,"column":4},"end":{"line":22,"column":4}}]}}},"/Users/aaronc/tunebay-api/routes/user.js":{"path":"/Users/aaronc/tunebay-api/routes/user.js","s":{"1":1,"2":1,"3":1,"4":1,"5":1,"6":1,"7":1,"8":1,"9":1,"10":1,"11":1,"12":0,"13":1,"14":1,"15":0,"16":0,"17":0,"18":0,"19":0,"20":0,"21":0,"22":0,"23":0,"24":1,"25":1,"26":1,"27":1,"28":1,"29":1,"30":1,"31":8,"32":8,"33":8,"34":1,"35":0,"36":1,"37":0,"38":0,"39":0,"40":0,"41":1,"42":1,"43":1,"44":0,"45":1,"46":1,"47":1,"48":1,"49":0,"50":1,"51":1,"52":1,"53":1,"54":0,"55":1,"56":1,"57":0,"58":0,"59":0,"60":0,"61":0,"62":0,"63":0,"64":0,"65":0,"66":0,"67":0,"68":0,"69":0,"70":0,"71":0,"72":0,"73":1,"74":1,"75":1,"76":0,"77":1,"78":0,"79":1,"80":1,"81":3,"82":3,"83":3,"84":1,"85":2,"86":1,"87":1,"88":1,"89":1,"90":0,"91":1,"92":1},"b":{"1":[0,0],"2":[0,0],"3":[0,0],"4":[0,0],"5":[0,1],"6":[0,1],"7":[0,1],"8":[0,0],"9":[0,0],"10":[0,0],"11":[0,1],"12":[0,1]},"f":{"1":0,"2":0,"3":0,"4":1,"5":8,"6":0,"7":0,"8":0,"9":1,"10":1,"11":1,"12":1,"13":1,"14":1,"15":0,"16":0,"17":0,"18":0,"19":0,"20":0,"21":0,"22":0,"23":1,"24":1,"25":3,"26":1,"27":2,"28":1,"29":1,"30":0,"31":1},"fnMap":{"1":{"name":"error","line":13,"loc":{"start":{"line":13,"column":0},"end":{"line":13,"column":20}}},"2":{"name":"confirm","line":21,"loc":{"start":{"line":21,"column":0},"end":{"line":21,"column":36}}},"3":{"name":"(anonymous_3)","line":26,"loc":{"start":{"line":26,"column":26},"end":{"line":26,"column":47}}},"4":{"name":"profile","line":36,"loc":{"start":{"line":36,"column":17},"end":{"line":36,"column":36}}},"5":{"name":"(anonymous_5)","line":43,"loc":{"start":{"line":43,"column":13},"end":{"line":43,"column":36}}},"6":{"name":"(anonymous_6)","line":49,"loc":{"start":{"line":49,"column":18},"end":{"line":49,"column":37}}},"7":{"name":"(anonymous_7)","line":55,"loc":{"start":{"line":55,"column":21},"end":{"line":55,"column":40}}},"8":{"name":"(anonymous_8)","line":62,"loc":{"start":{"line":62,"column":6},"end":{"line":62,"column":28}}},"9":{"name":"(anonymous_9)","line":68,"loc":{"start":{"line":68,"column":36},"end":{"line":68,"column":55}}},"10":{"name":"(anonymous_10)","line":71,"loc":{"start":{"line":71,"column":12},"end":{"line":71,"column":36}}},"11":{"name":"(anonymous_11)","line":77,"loc":{"start":{"line":77,"column":36},"end":{"line":77,"column":55}}},"12":{"name":"(anonymous_12)","line":80,"loc":{"start":{"line":80,"column":12},"end":{"line":80,"column":36}}},"13":{"name":"(anonymous_13)","line":86,"loc":{"start":{"line":86,"column":26},"end":{"line":86,"column":45}}},"14":{"name":"(anonymous_14)","line":87,"loc":{"start":{"line":87,"column":38},"end":{"line":87,"column":59}}},"15":{"name":"(anonymous_15)","line":93,"loc":{"start":{"line":93,"column":34},"end":{"line":93,"column":53}}},"16":{"name":"(anonymous_16)","line":95,"loc":{"start":{"line":95,"column":6},"end":{"line":95,"column":20}}},"17":{"name":"(anonymous_17)","line":98,"loc":{"start":{"line":98,"column":6},"end":{"line":98,"column":20}}},"18":{"name":"(anonymous_18)","line":101,"loc":{"start":{"line":101,"column":6},"end":{"line":101,"column":20}}},"19":{"name":"(anonymous_19)","line":106,"loc":{"start":{"line":106,"column":11},"end":{"line":106,"column":34}}},"20":{"name":"(anonymous_20)","line":114,"loc":{"start":{"line":114,"column":7},"end":{"line":114,"column":22}}},"21":{"name":"(anonymous_21)","line":123,"loc":{"start":{"line":123,"column":8},"end":{"line":123,"column":26}}},"22":{"name":"(anonymous_22)","line":126,"loc":{"start":{"line":126,"column":8},"end":{"line":126,"column":26}}},"23":{"name":"(anonymous_23)","line":133,"loc":{"start":{"line":133,"column":36},"end":{"line":133,"column":55}}},"24":{"name":"(anonymous_24)","line":141,"loc":{"start":{"line":141,"column":8},"end":{"line":141,"column":31}}},"25":{"name":"(anonymous_25)","line":151,"loc":{"start":{"line":151,"column":18},"end":{"line":151,"column":37}}},"26":{"name":"(anonymous_26)","line":155,"loc":{"start":{"line":155,"column":6},"end":{"line":155,"column":21}}},"27":{"name":"(anonymous_27)","line":158,"loc":{"start":{"line":158,"column":6},"end":{"line":158,"column":20}}},"28":{"name":"(anonymous_28)","line":164,"loc":{"start":{"line":164,"column":26},"end":{"line":164,"column":45}}},"29":{"name":"(anonymous_29)","line":165,"loc":{"start":{"line":165,"column":37},"end":{"line":165,"column":56}}},"30":{"name":"(anonymous_30)","line":168,"loc":{"start":{"line":168,"column":8},"end":{"line":168,"column":23}}},"31":{"name":"(anonymous_31)","line":171,"loc":{"start":{"line":171,"column":8},"end":{"line":171,"column":22}}}},"statementMap":{"1":{"start":{"line":1,"column":0},"end":{"line":1,"column":40}},"2":{"start":{"line":2,"column":0},"end":{"line":2,"column":44}},"3":{"start":{"line":3,"column":0},"end":{"line":3,"column":29}},"4":{"start":{"line":4,"column":0},"end":{"line":4,"column":33}},"5":{"start":{"line":5,"column":0},"end":{"line":5,"column":30}},"6":{"start":{"line":6,"column":0},"end":{"line":6,"column":27}},"7":{"start":{"line":7,"column":0},"end":{"line":7,"column":46}},"8":{"start":{"line":8,"column":0},"end":{"line":8,"column":29}},"9":{"start":{"line":10,"column":0},"end":{"line":10,"column":37}},"10":{"start":{"line":11,"column":0},"end":{"line":11,"column":41}},"11":{"start":{"line":13,"column":0},"end":{"line":15,"column":1}},"12":{"start":{"line":14,"column":2},"end":{"line":14,"column":24}},"13":{"start":{"line":17,"column":0},"end":{"line":19,"column":2}},"14":{"start":{"line":21,"column":0},"end":{"line":33,"column":1}},"15":{"start":{"line":22,"column":2},"end":{"line":22,"column":27}},"16":{"start":{"line":23,"column":2},"end":{"line":25,"column":3}},"17":{"start":{"line":24,"column":4},"end":{"line":24,"column":51}},"18":{"start":{"line":26,"column":2},"end":{"line":32,"column":5}},"19":{"start":{"line":27,"column":4},"end":{"line":27,"column":23}},"20":{"start":{"line":27,"column":13},"end":{"line":27,"column":23}},"21":{"start":{"line":28,"column":4},"end":{"line":30,"column":5}},"22":{"start":{"line":29,"column":6},"end":{"line":29,"column":61}},"23":{"start":{"line":31,"column":4},"end":{"line":31,"column":9}},"24":{"start":{"line":35,"column":0},"end":{"line":35,"column":14}},"25":{"start":{"line":36,"column":0},"end":{"line":180,"column":2}},"26":{"start":{"line":38,"column":2},"end":{"line":38,"column":32}},"27":{"start":{"line":39,"column":2},"end":{"line":39,"column":29}},"28":{"start":{"line":40,"column":2},"end":{"line":40,"column":56}},"29":{"start":{"line":41,"column":2},"end":{"line":41,"column":32}},"30":{"start":{"line":43,"column":2},"end":{"line":47,"column":5}},"31":{"start":{"line":44,"column":4},"end":{"line":44,"column":15}},"32":{"start":{"line":45,"column":4},"end":{"line":45,"column":15}},"33":{"start":{"line":46,"column":4},"end":{"line":46,"column":11}},"34":{"start":{"line":49,"column":2},"end":{"line":53,"column":5}},"35":{"start":{"line":50,"column":4},"end":{"line":52,"column":7}},"36":{"start":{"line":55,"column":2},"end":{"line":66,"column":5}},"37":{"start":{"line":56,"column":4},"end":{"line":65,"column":9}},"38":{"start":{"line":63,"column":8},"end":{"line":63,"column":27}},"39":{"start":{"line":63,"column":17},"end":{"line":63,"column":27}},"40":{"start":{"line":64,"column":8},"end":{"line":64,"column":24}},"41":{"start":{"line":68,"column":2},"end":{"line":75,"column":5}},"42":{"start":{"line":69,"column":4},"end":{"line":74,"column":9}},"43":{"start":{"line":72,"column":8},"end":{"line":72,"column":27}},"44":{"start":{"line":72,"column":17},"end":{"line":72,"column":27}},"45":{"start":{"line":73,"column":8},"end":{"line":73,"column":26}},"46":{"start":{"line":77,"column":2},"end":{"line":84,"column":5}},"47":{"start":{"line":78,"column":4},"end":{"line":83,"column":9}},"48":{"start":{"line":81,"column":8},"end":{"line":81,"column":27}},"49":{"start":{"line":81,"column":17},"end":{"line":81,"column":27}},"50":{"start":{"line":82,"column":8},"end":{"line":82,"column":26}},"51":{"start":{"line":86,"column":2},"end":{"line":91,"column":5}},"52":{"start":{"line":87,"column":4},"end":{"line":90,"column":7}},"53":{"start":{"line":88,"column":6},"end":{"line":88,"column":25}},"54":{"start":{"line":88,"column":15},"end":{"line":88,"column":25}},"55":{"start":{"line":89,"column":6},"end":{"line":89,"column":32}},"56":{"start":{"line":93,"column":2},"end":{"line":131,"column":5}},"57":{"start":{"line":94,"column":4},"end":{"line":130,"column":7}},"58":{"start":{"line":96,"column":8},"end":{"line":96,"column":48}},"59":{"start":{"line":99,"column":8},"end":{"line":99,"column":55}},"60":{"start":{"line":102,"column":8},"end":{"line":112,"column":11}},"61":{"start":{"line":107,"column":10},"end":{"line":107,"column":29}},"62":{"start":{"line":107,"column":19},"end":{"line":107,"column":29}},"63":{"start":{"line":108,"column":10},"end":{"line":110,"column":11}},"64":{"start":{"line":109,"column":12},"end":{"line":109,"column":47}},"65":{"start":{"line":111,"column":10},"end":{"line":111,"column":15}},"66":{"start":{"line":115,"column":6},"end":{"line":115,"column":33}},"67":{"start":{"line":115,"column":15},"end":{"line":115,"column":33}},"68":{"start":{"line":116,"column":6},"end":{"line":116,"column":32}},"69":{"start":{"line":117,"column":6},"end":{"line":121,"column":9}},"70":{"start":{"line":122,"column":6},"end":{"line":129,"column":8}},"71":{"start":{"line":124,"column":10},"end":{"line":124,"column":27}},"72":{"start":{"line":127,"column":10},"end":{"line":127,"column":57}},"73":{"start":{"line":133,"column":2},"end":{"line":149,"column":5}},"74":{"start":{"line":134,"column":4},"end":{"line":148,"column":8}},"75":{"start":{"line":142,"column":10},"end":{"line":142,"column":29}},"76":{"start":{"line":142,"column":19},"end":{"line":142,"column":29}},"77":{"start":{"line":143,"column":10},"end":{"line":145,"column":11}},"78":{"start":{"line":144,"column":12},"end":{"line":144,"column":52}},"79":{"start":{"line":146,"column":10},"end":{"line":146,"column":27}},"80":{"start":{"line":151,"column":2},"end":{"line":162,"column":5}},"81":{"start":{"line":152,"column":4},"end":{"line":152,"column":26}},"82":{"start":{"line":153,"column":4},"end":{"line":153,"column":28}},"83":{"start":{"line":154,"column":4},"end":{"line":161,"column":6}},"84":{"start":{"line":156,"column":8},"end":{"line":156,"column":41}},"85":{"start":{"line":159,"column":8},"end":{"line":159,"column":29}},"86":{"start":{"line":164,"column":2},"end":{"line":176,"column":5}},"87":{"start":{"line":165,"column":4},"end":{"line":175,"column":7}},"88":{"start":{"line":166,"column":6},"end":{"line":166,"column":30}},"89":{"start":{"line":167,"column":6},"end":{"line":174,"column":8}},"90":{"start":{"line":169,"column":10},"end":{"line":169,"column":43}},"91":{"start":{"line":172,"column":10},"end":{"line":172,"column":31}},"92":{"start":{"line":179,"column":2},"end":{"line":179,"column":16}}},"branchMap":{"1":{"line":23,"type":"if","locations":[{"start":{"line":23,"column":2},"end":{"line":23,"column":2}},{"start":{"line":23,"column":2},"end":{"line":23,"column":2}}]},"2":{"line":27,"type":"if","locations":[{"start":{"line":27,"column":4},"end":{"line":27,"column":4}},{"start":{"line":27,"column":4},"end":{"line":27,"column":4}}]},"3":{"line":28,"type":"if","locations":[{"start":{"line":28,"column":4},"end":{"line":28,"column":4}},{"start":{"line":28,"column":4},"end":{"line":28,"column":4}}]},"4":{"line":63,"type":"if","locations":[{"start":{"line":63,"column":8},"end":{"line":63,"column":8}},{"start":{"line":63,"column":8},"end":{"line":63,"column":8}}]},"5":{"line":72,"type":"if","locations":[{"start":{"line":72,"column":8},"end":{"line":72,"column":8}},{"start":{"line":72,"column":8},"end":{"line":72,"column":8}}]},"6":{"line":81,"type":"if","locations":[{"start":{"line":81,"column":8},"end":{"line":81,"column":8}},{"start":{"line":81,"column":8},"end":{"line":81,"column":8}}]},"7":{"line":88,"type":"if","locations":[{"start":{"line":88,"column":6},"end":{"line":88,"column":6}},{"start":{"line":88,"column":6},"end":{"line":88,"column":6}}]},"8":{"line":107,"type":"if","locations":[{"start":{"line":107,"column":10},"end":{"line":107,"column":10}},{"start":{"line":107,"column":10},"end":{"line":107,"column":10}}]},"9":{"line":108,"type":"if","locations":[{"start":{"line":108,"column":10},"end":{"line":108,"column":10}},{"start":{"line":108,"column":10},"end":{"line":108,"column":10}}]},"10":{"line":115,"type":"if","locations":[{"start":{"line":115,"column":6},"end":{"line":115,"column":6}},{"start":{"line":115,"column":6},"end":{"line":115,"column":6}}]},"11":{"line":142,"type":"if","locations":[{"start":{"line":142,"column":10},"end":{"line":142,"column":10}},{"start":{"line":142,"column":10},"end":{"line":142,"column":10}}]},"12":{"line":143,"type":"if","locations":[{"start":{"line":143,"column":10},"end":{"line":143,"column":10}},{"start":{"line":143,"column":10},"end":{"line":143,"column":10}}]}}}}