TN:
SF:/Users/aaronc/tunebay-api/models/user.js
FN:26,(anonymous_1)
FN:38,(anonymous_2)
FN:46,(anonymous_3)
FN:47,(anonymous_4)
FN:56,(anonymous_5)
FN:61,(anonymous_6)
FN:78,(anonymous_7)
FN:79,(anonymous_8)
FN:97,(anonymous_9)
FN:98,(anonymous_10)
FN:109,(anonymous_11)
FN:116,(anonymous_12)
FN:128,(anonymous_13)
FN:135,(anonymous_14)
FN:143,(anonymous_15)
FN:147,(anonymous_16)
FN:150,(anonymous_17)
FNF:17
FNH:5
FNDA:5,(anonymous_1)
FNDA:2,(anonymous_2)
FNDA:0,(anonymous_3)
FNDA:0,(anonymous_4)
FNDA:0,(anonymous_5)
FNDA:0,(anonymous_6)
FNDA:0,(anonymous_7)
FNDA:0,(anonymous_8)
FNDA:0,(anonymous_9)
FNDA:0,(anonymous_10)
FNDA:0,(anonymous_11)
FNDA:0,(anonymous_12)
FNDA:0,(anonymous_13)
FNDA:0,(anonymous_14)
FNDA:5,(anonymous_15)
FNDA:5,(anonymous_16)
FNDA:5,(anonymous_17)
DA:1,1
DA:4,1
DA:5,1
DA:6,1
DA:7,1
DA:8,1
DA:11,1
DA:26,1
DA:28,5
DA:29,5
DA:30,5
DA:32,5
DA:33,5
DA:34,5
DA:38,1
DA:39,2
DA:40,2
DA:41,2
DA:42,2
DA:43,2
DA:46,1
DA:47,0
DA:48,0
DA:49,0
DA:51,0
DA:52,0
DA:56,1
DA:58,0
DA:61,1
DA:63,0
DA:64,0
DA:70,0
DA:72,0
DA:73,0
DA:75,0
DA:78,1
DA:79,0
DA:80,0
DA:81,0
DA:85,1
DA:91,1
DA:97,1
DA:98,0
DA:99,0
DA:102,0
DA:103,0
DA:107,0
DA:109,0
DA:110,0
DA:111,0
DA:116,0
DA:117,0
DA:120,0
DA:122,0
DA:124,0
DA:128,0
DA:129,0
DA:130,0
DA:135,0
DA:136,0
DA:137,0
DA:143,1
DA:144,5
DA:145,5
DA:147,5
DA:148,5
DA:150,5
DA:151,5
DA:153,5
DA:154,5
DA:159,1
DA:161,1
LF:72
LH:38
BRDA:30,1,0,5
BRDA:30,1,1,0
BRDA:34,2,0,5
BRDA:34,2,1,4
BRDA:48,3,0,0
BRDA:48,3,1,0
BRDA:58,4,0,0
BRDA:58,4,1,0
BRDA:63,5,0,0
BRDA:63,5,1,0
BRDA:63,6,0,0
BRDA:63,6,1,0
BRDA:72,7,0,0
BRDA:72,7,1,0
BRDA:72,8,0,0
BRDA:72,8,1,0
BRDA:80,9,0,0
BRDA:80,9,1,0
BRDA:99,10,0,0
BRDA:99,10,1,0
BRDA:102,11,0,0
BRDA:102,11,1,0
BRDA:107,12,0,0
BRDA:107,12,1,0
BRDA:110,13,0,0
BRDA:110,13,1,0
BRDA:117,14,0,0
BRDA:117,14,1,0
BRDA:120,15,0,0
BRDA:120,15,1,0
BRDA:122,16,0,0
BRDA:122,16,1,0
BRDA:122,17,0,0
BRDA:122,17,1,0
BRDA:129,18,0,0
BRDA:129,18,1,0
BRDA:136,19,0,0
BRDA:136,19,1,0
BRDA:145,20,0,0
BRDA:145,20,1,5
BRDA:148,21,0,0
BRDA:148,21,1,5
BRDA:151,22,0,0
BRDA:151,22,1,5
BRF:44
BRH:6
end_of_record
TN:
SF:/Users/aaronc/tunebay-api/models/follow.js
FN:18,(anonymous_1)
FNF:1
FNH:0
FNDA:0,(anonymous_1)
DA:1,1
DA:4,1
DA:5,1
DA:7,1
DA:18,1
DA:20,0
DA:21,0
DA:22,0
DA:24,0
DA:25,0
DA:26,0
DA:30,1
DA:32,1
LF:13
LH:7
BRDA:26,1,0,0
BRDA:26,1,1,0
BRF:2
BRH:0
end_of_record
TN:
SF:/Users/aaronc/tunebay-api/models/project.js
FN:18,(anonymous_1)
FNF:1
FNH:0
FNDA:0,(anonymous_1)
DA:1,1
DA:4,1
DA:5,1
DA:7,1
DA:18,1
DA:20,0
DA:21,0
DA:22,0
DA:24,0
DA:25,0
DA:26,0
DA:30,1
DA:32,1
LF:13
LH:7
BRDA:20,1,0,0
BRDA:20,1,1,0
BRDA:21,2,0,0
BRDA:21,2,1,0
BRDA:22,3,0,0
BRDA:22,3,1,0
BRDA:26,4,0,0
BRDA:26,4,1,0
BRF:8
BRH:0
end_of_record
TN:
SF:/Users/aaronc/tunebay-api/server.js
FN:13,getRandomInt
FN:21,(anonymous_2)
FN:31,(anonymous_3)
FN:37,(anonymous_4)
FNF:4
FNH:1
FNDA:0,getRandomInt
FNDA:1,(anonymous_2)
FNDA:0,(anonymous_3)
FNDA:0,(anonymous_4)
DA:1,1
DA:2,1
DA:3,1
DA:4,1
DA:5,1
DA:7,1
DA:9,1
DA:10,1
DA:11,1
DA:13,1
DA:14,0
DA:15,0
DA:16,0
DA:20,1
DA:21,1
DA:22,1
DA:26,1
DA:29,1
DA:31,1
DA:32,0
DA:35,1
DA:37,1
DA:38,0
DA:43,1
DA:44,1
DA:46,1
LF:26
LH:21
BRDA:22,1,0,0
BRDA:22,1,1,1
BRF:2
BRH:1
end_of_record
TN:
SF:/Users/aaronc/tunebay-api/routes/user.js
FN:13,error
FN:21,confirm
FN:26,(anonymous_3)
FN:36,profile
FN:43,(anonymous_5)
FN:49,(anonymous_6)
FN:55,(anonymous_7)
FN:62,(anonymous_8)
FN:68,(anonymous_9)
FN:71,(anonymous_10)
FN:77,(anonymous_11)
FN:80,(anonymous_12)
FN:86,(anonymous_13)
FN:87,(anonymous_14)
FN:93,(anonymous_15)
FN:95,(anonymous_16)
FN:98,(anonymous_17)
FN:101,(anonymous_18)
FN:106,(anonymous_19)
FN:114,(anonymous_20)
FN:123,(anonymous_21)
FN:126,(anonymous_22)
FN:133,(anonymous_23)
FN:141,(anonymous_24)
FN:151,(anonymous_25)
FN:155,(anonymous_26)
FN:158,(anonymous_27)
FN:164,(anonymous_28)
FN:165,(anonymous_29)
FN:168,(anonymous_30)
FN:171,(anonymous_31)
FNF:31
FNH:16
FNDA:0,error
FNDA:0,confirm
FNDA:0,(anonymous_3)
FNDA:1,profile
FNDA:8,(anonymous_5)
FNDA:0,(anonymous_6)
FNDA:0,(anonymous_7)
FNDA:0,(anonymous_8)
FNDA:1,(anonymous_9)
FNDA:1,(anonymous_10)
FNDA:1,(anonymous_11)
FNDA:1,(anonymous_12)
FNDA:1,(anonymous_13)
FNDA:1,(anonymous_14)
FNDA:0,(anonymous_15)
FNDA:0,(anonymous_16)
FNDA:0,(anonymous_17)
FNDA:0,(anonymous_18)
FNDA:0,(anonymous_19)
FNDA:0,(anonymous_20)
FNDA:0,(anonymous_21)
FNDA:0,(anonymous_22)
FNDA:1,(anonymous_23)
FNDA:1,(anonymous_24)
FNDA:3,(anonymous_25)
FNDA:1,(anonymous_26)
FNDA:2,(anonymous_27)
FNDA:1,(anonymous_28)
FNDA:1,(anonymous_29)
FNDA:0,(anonymous_30)
FNDA:1,(anonymous_31)
DA:1,1
DA:2,1
DA:3,1
DA:4,1
DA:5,1
DA:6,1
DA:7,1
DA:8,1
DA:10,1
DA:11,1
DA:13,1
DA:14,0
DA:17,1
DA:21,1
DA:22,0
DA:23,0
DA:24,0
DA:26,0
DA:27,0
DA:28,0
DA:29,0
DA:31,0
DA:35,1
DA:36,1
DA:38,1
DA:39,1
DA:40,1
DA:41,1
DA:43,1
DA:44,8
DA:45,8
DA:46,8
DA:49,1
DA:50,0
DA:55,1
DA:56,0
DA:63,0
DA:64,0
DA:68,1
DA:69,1
DA:72,1
DA:73,1
DA:77,1
DA:78,1
DA:81,1
DA:82,1
DA:86,1
DA:87,1
DA:88,1
DA:89,1
DA:93,1
DA:94,0
DA:96,0
DA:99,0
DA:102,0
DA:107,0
DA:108,0
DA:109,0
DA:111,0
DA:115,0
DA:116,0
DA:117,0
DA:122,0
DA:124,0
DA:127,0
DA:133,1
DA:134,1
DA:142,1
DA:143,1
DA:144,0
DA:146,1
DA:151,1
DA:152,3
DA:153,3
DA:154,3
DA:156,1
DA:159,2
DA:164,1
DA:165,1
DA:166,1
DA:167,1
DA:169,0
DA:172,1
DA:179,1
LF:84
LH:55
BRDA:23,1,0,0
BRDA:23,1,1,0
BRDA:27,2,0,0
BRDA:27,2,1,0
BRDA:28,3,0,0
BRDA:28,3,1,0
BRDA:63,4,0,0
BRDA:63,4,1,0
BRDA:72,5,0,0
BRDA:72,5,1,1
BRDA:81,6,0,0
BRDA:81,6,1,1
BRDA:88,7,0,0
BRDA:88,7,1,1
BRDA:107,8,0,0
BRDA:107,8,1,0
BRDA:108,9,0,0
BRDA:108,9,1,0
BRDA:115,10,0,0
BRDA:115,10,1,0
BRDA:142,11,0,0
BRDA:142,11,1,1
BRDA:143,12,0,0
BRDA:143,12,1,1
BRF:24
BRH:5
end_of_record
